<?xml version="1.0" encoding="UTF-8"?>
<!-- Generated by org.testng.reporters.JUnitReportReporter -->
<testsuite hostname="LAPTOP-FikileM" failures="0" tests="5" name="TestScript.ExecuteTests" time="273.872" errors="0" timestamp="2021-11-18T17:15:49 SAST" skipped="0">
  <testcase classname="TestScript.ExecuteTests" name="CalculateMonthlyInstalment" time="91.171"/>
  <system-out/>
  <testcase classname="TestScript.ExecuteTests" name="CalculatePersonalLoans" time="53.574"/>
  <system-out/>
  <testcase classname="TestScript.ExecuteTests" name="VerifyPersonalLoanPage" time="19.219"/>
  <system-out/>
  <testcase classname="TestScript.ExecuteTests" name="ValidateLoanRepayment" time="96.470"/>
  <system-out/>
  <testcase classname="TestScript.ExecuteTests" name="VerifyMainPage" time="13.438"/>
  <system-out/>
</testsuite> <!-- TestScript.ExecuteTests -->
