<?xml version="1.0" encoding="UTF-8"?>
<!-- Generated by org.testng.reporters.JUnitReportReporter -->
<testsuite hostname="LAPTOP-FikileM" failures="0" tests="5" name="TestScript.Test1" time="274.165" errors="0" timestamp="2021-11-15T00:17:20 SAST" skipped="0">
  <testcase classname="TestScript.Test1" name="VerifyMainPage" time="19.267"/>
  <system-out/>
  <testcase classname="TestScript.Test1" name="CalculateMonthlyInstalment" time="85.200"/>
  <system-out/>
  <testcase classname="TestScript.Test1" name="ValidateLoanRepayment" time="96.557"/>
  <system-out/>
  <testcase classname="TestScript.Test1" name="CalculatePersonalLoans" time="53.386"/>
  <system-out/>
  <testcase classname="TestScript.Test1" name="VerifyPersonalLoanPage" time="19.755"/>
  <system-out/>
</testsuite> <!-- TestScript.Test1 -->
